<?xml version="1.0" encoding="UTF-8"?>
<testsuite xmlns:xsi="http://www.w3.org/2001/XMLSchema-instance" xsi:noNamespaceSchemaLocation="https://maven.apache.org/surefire/maven-surefire-plugin/xsd/surefire-test-report.xsd" name="TestSuite" time="77.188" tests="4" errors="0" skipped="0" failures="1">
  <properties>
[...]
</properties>
  <testcase name="Log" classname="OrangeHrm.Axis.Immigration" time="23.2"/>
  <testcase name="Log" classname="OrangeHrm.Axis.Attachment" time="22.454"/>
  <testcase name="AddAttach" classname="OrangeHrm.Axis.Attachment" time="24.623">
    <failure message="invalid argument: File not found : C:\Users\Abhijit Deshmukh\OneDrive\Pictures\Screenshots\223455.png&#10;  (Session info: chrome=122.0.6261.71)&#10;Build info: version: &apos;4.15.0&apos;, revision: &apos;1d14b5521b&apos;&#10;System info: os.name: &apos;Windows 11&apos;, os.arch: &apos;amd64&apos;, os.version: &apos;10.0&apos;, java.version: &apos;20.0.1&apos;&#10;Driver info: org.openqa.selenium.chrome.ChromeDriver&#10;Command: [9540fe88087f7d29fafa34e425441cc4, sendKeysToElement {id=f.D82F463A15230437089254B389BC51BC.d.0E458D21F99793CC3A47679F5C455C20.e.94, value=[Ljava.lang.CharSequence;@76f10035}]&#10;Capabilities {acceptInsecureCerts: false, browserName: chrome, browserVersion: 122.0.6261.71, chrome: {chromedriverVersion: 122.0.6261.57 (87957e464700..., userDataDir: C:\Users\Dikshant\AppData\L...}, fedcm:accounts: true, goog:chromeOptions: {debuggerAddress: localhost:50067}, networkConnectionEnabled: false, pageLoadStrategy: normal, platformName: windows, proxy: Proxy(), se:cdp: ws://localhost:50067/devtoo..., se:cdpVersion: 122.0.6261.71, setWindowRect: true, strictFileInteractability: false, timeouts: {implicit: 0, pageLoad: 300000, script: 30000}, unhandledPromptBehavior: dismiss and notify, webauthn:extension:credBlob: true, webauthn:extension:largeBlob: true, webauthn:extension:minPinLength: true, webauthn:extension:prf: true, webauthn:virtualAuthenticators: true}&#10;Element: [[ChromeDriver: chrome on windows (9540fe88087f7d29fafa34e425441cc4)] -&gt; xpath: (//input[@type=&apos;file&apos;])[1]]&#10;Session ID: 9540fe88087f7d29fafa34e425441cc4" type="org.openqa.selenium.InvalidArgumentException">org.openqa.selenium.InvalidArgumentException: 
invalid argument: File not found : C:\Users\Abhijit Deshmukh\OneDrive\Pictures\Screenshots\223455.png
  (Session info: chrome=122.0.6261.71)
Build info: version: '4.15.0', revision: '1d14b5521b'
System info: os.name: 'Windows 11', os.arch: 'amd64', os.version: '10.0', java.version: '20.0.1'
Driver info: org.openqa.selenium.chrome.ChromeDriver
Command: [9540fe88087f7d29fafa34e425441cc4, sendKeysToElement {id=f.D82F463A15230437089254B389BC51BC.d.0E458D21F99793CC3A47679F5C455C20.e.94, value=[Ljava.lang.CharSequence;@76f10035}]
Capabilities {acceptInsecureCerts: false, browserName: chrome, browserVersion: 122.0.6261.71, chrome: {chromedriverVersion: 122.0.6261.57 (87957e464700..., userDataDir: C:\Users\Dikshant\AppData\L...}, fedcm:accounts: true, goog:chromeOptions: {debuggerAddress: localhost:50067}, networkConnectionEnabled: false, pageLoadStrategy: normal, platformName: windows, proxy: Proxy(), se:cdp: ws://localhost:50067/devtoo..., se:cdpVersion: 122.0.6261.71, setWindowRect: true, strictFileInteractability: false, timeouts: {implicit: 0, pageLoad: 300000, script: 30000}, unhandledPromptBehavior: dismiss and notify, webauthn:extension:credBlob: true, webauthn:extension:largeBlob: true, webauthn:extension:minPinLength: true, webauthn:extension:prf: true, webauthn:virtualAuthenticators: true}
Element: [[ChromeDriver: chrome on windows (9540fe88087f7d29fafa34e425441cc4)] -> xpath: (//input[@type='file'])[1]]
Session ID: 9540fe88087f7d29fafa34e425441cc4
	at OrangeHrm.Axis.Attachment.AddAttach(Attachment.java:20)
</failure>
    <system-out><![CDATA[Clicked on Immigration
Clicked on Add Attachemnts
]]></system-out>
  </testcase>
  <testcase name="Log" classname="OrangeHrm.Axis.Job" time="22.611"/>
</testsuite>